#
# There is insufficient memory for the Java Runtime Environment to continue.
# Native memory allocation (mmap) failed to map 123731968 bytes for G1 virtual space
# Possible reasons:
#   The system is out of physical RAM or swap space
#   The process is running with CompressedOops enabled, and the Java Heap may be blocking the growth of the native heap
# Possible solutions:
#   Reduce memory load on the system
#   Increase physical memory or swap space
#   Check if swap backing store is full
#   Decrease Java heap size (-Xmx/-Xms)
#   Decrease number of Java threads
#   Decrease Java thread stack sizes (-Xss)
#   Set larger code cache with -XX:ReservedCodeCacheSize=
#   JVM is running with Unscaled Compressed Oops mode in which the Java heap is
#     placed in the first 4GB address space. The Java Heap base address is the
#     maximum limit for the native heap growth. Please use -XX:HeapBaseMinAddress
#     to set the Java Heap base and to place the Java Heap above 4GB virtual address.
# This output file may be truncated or incomplete.
#
#  Out of Memory Error (os_windows.cpp:3528), pid=20140, tid=2112
#
# JRE version:  (20.0.2+9) (build )
# Java VM: Java HotSpot(TM) 64-Bit Server VM (20.0.2+9-78, mixed mode, sharing, tiered, compressed oops, compressed class ptrs, g1 gc, windows-amd64)
# No core dump will be written. Minidumps are not enabled by default on client versions of Windows
#

---------------  S U M M A R Y ------------

Command Line: Ejercicio1

Host: AMD Ryzen 5 5600H with Radeon Graphics         , 12 cores, 7G,  Windows 11 , 64 bit Build 22621 (10.0.22621.2215)
Time: Wed Sep 20 23:05:35 2023 Hora de verano romance elapsed time: 0.017914 seconds (0d 0h 0m 0s)

---------------  T H R E A D  ---------------

Current thread (0x000001a2b3dadfc0):  JavaThread "Unknown thread" [_thread_in_vm, id=2112, stack(0x0000001c79b00000,0x0000001c79c00000)]

Stack: [0x0000001c79b00000,0x0000001c79c00000]
Native frames: (J=compiled Java code, j=interpreted, Vv=VM code, C=native code)
V  [jvm.dll+0x6bc25a]
V  [jvm.dll+0x84971a]
V  [jvm.dll+0x84b315]
V  [jvm.dll+0x84ba13]
V  [jvm.dll+0x280e4f]
V  [jvm.dll+0x6b8fe9]
V  [jvm.dll+0x6adbca]
V  [jvm.dll+0x35b165]
V  [jvm.dll+0x363386]
V  [jvm.dll+0x3b400e]
V  [jvm.dll+0x3b4295]
V  [jvm.dll+0x32b86a]
V  [jvm.dll+0x32c68b]
V  [jvm.dll+0x8123df]
V  [jvm.dll+0x3c1261]
V  [jvm.dll+0x7fe103]
V  [jvm.dll+0x44ccaf]
V  [jvm.dll+0x44e621]
C  [jli.dll+0x5287]
C  [ucrtbase.dll+0x29363]
C  [KERNEL32.DLL+0x1257d]
C  [ntdll.dll+0x5aa68]


---------------  P R O C E S S  ---------------

Threads class SMR info:
_java_thread_list=0x00007ffdeb31b118, length=0, elements={
}

Java Threads: ( => current thread )

Other Threads:
  0x000001a2b5fb9a50 WorkerThread "GC Thread#0" [stack: 0x0000001c79c00000,0x0000001c79d00000] [id=20320]
  0x000001a2b5fe5b70 ConcurrentGCThread "G1 Main Marker" [stack: 0x0000001c79d00000,0x0000001c79e00000] [id=4996]
  0x000001a2b5fe6d40 WorkerThread "G1 Conc#0" [stack: 0x0000001c79e00000,0x0000001c79f00000] [id=3632]

[error occurred during error reporting (printing all threads), id 0xc0000005, EXCEPTION_ACCESS_VIOLATION (0xc0000005) at pc=0x00007ffdeaafeea7]
VM state: not at safepoint (not fully initialized)

VM Mutex/Monitor currently owned by a thread:  ([mutex/lock_event])
[0x000001a2b3dab9d0] Heap_lock - owner thread: 0x000001a2b3dadfc0

Heap address: 0x000000008a600000, size: 1882 MB, Compressed Oops mode: 32-bit

CDS archive(s) mapped at: [0x0000000000000000-0x0000000000000000-0x0000000000000000), size 0, SharedBaseAddress: 0x0000000800000000, ArchiveRelocationMode: 1.
Narrow klass base: 0x0000000000000000, Narrow klass shift: 0, Narrow klass range: 0x0

GC Precious Log:
 CardTable entry size: 512
 Card Set container configuration: InlinePtr #cards 5 size 8 Array Of Cards #cards 12 size 40 Howl #buckets 4 coarsen threshold 1843 Howl Bitmap #cards 512 size 80 coarsen threshold 460 Card regions per heap region 1 cards per card region 2048

Heap:
 garbage-first heap   total 0K, used 0K [0x000000008a600000, 0x0000000100000000)
  region size 1024K, 0 young (0K), 0 survivors (0K)

[error occurred during error reporting (printing heap information), id 0xc0000005, EXCEPTION_ACCESS_VIOLATION (0xc0000005) at pc=0x00007ffdeaed47b9]
GC Heap History (0 events):
No events

Dll operation events (1 events):
Event: 0.011 Loaded shared library C:\Program Files\Java\jdk-20\bin\java.dll

Deoptimization events (0 events):
No events

Classes loaded (0 events):
No events

Classes unloaded (0 events):
No events

Classes redefined (0 events):
No events

Internal exceptions (0 events):
No events

VM Operations (0 events):
No events

Events (0 events):
No events


Dynamic libraries:
0x00007ff6f8830000 - 0x00007ff6f8840000 	C:\Program Files\Java\jdk-20\bin\java.exe
0x00007ffe51390000 - 0x00007ffe515a4000 	C:\WINDOWS\SYSTEM32\ntdll.dll
0x00007ffe4f9f0000 - 0x00007ffe4fab4000 	C:\WINDOWS\System32\KERNEL32.DLL
0x00007ffe4e8b0000 - 0x00007ffe4ec54000 	C:\WINDOWS\System32\KERNELBASE.dll
0x00007ffe4e790000 - 0x00007ffe4e8a1000 	C:\WINDOWS\System32\ucrtbase.dll
0x00007ffe23750000 - 0x00007ffe23769000 	C:\Program Files\Java\jdk-20\bin\jli.dll
0x00007ffe49a20000 - 0x00007ffe49a3b000 	C:\Program Files\Java\jdk-20\bin\VCRUNTIME140.dll
0x00007ffe50550000 - 0x00007ffe50600000 	C:\WINDOWS\System32\ADVAPI32.dll
0x00007ffe4f480000 - 0x00007ffe4f527000 	C:\WINDOWS\System32\msvcrt.dll
0x00007ffe4f540000 - 0x00007ffe4f5e6000 	C:\WINDOWS\System32\sechost.dll
0x00007ffe4f770000 - 0x00007ffe4f887000 	C:\WINDOWS\System32\RPCRT4.dll
0x00007ffe502f0000 - 0x00007ffe5049e000 	C:\WINDOWS\System32\USER32.dll
0x00007ffe4eeb0000 - 0x00007ffe4eed6000 	C:\WINDOWS\System32\win32u.dll
0x00007ffe34ef0000 - 0x00007ffe35183000 	C:\WINDOWS\WinSxS\amd64_microsoft.windows.common-controls_6595b64144ccf1df_6.0.22621.2215_none_270d72677387dfc3\COMCTL32.dll
0x00007ffe50990000 - 0x00007ffe509b9000 	C:\WINDOWS\System32\GDI32.dll
0x00007ffe4ec60000 - 0x00007ffe4ed78000 	C:\WINDOWS\System32\gdi32full.dll
0x00007ffe4f050000 - 0x00007ffe4f0ea000 	C:\WINDOWS\System32\msvcp_win.dll
0x00007ffe44bf0000 - 0x00007ffe44bfa000 	C:\WINDOWS\SYSTEM32\VERSION.dll
0x00007ffe50510000 - 0x00007ffe50541000 	C:\WINDOWS\System32\IMM32.DLL
0x00007ffe49ae0000 - 0x00007ffe49aec000 	C:\Program Files\Java\jdk-20\bin\vcruntime140_1.dll
0x00007ffe0e040000 - 0x00007ffe0e0ce000 	C:\Program Files\Java\jdk-20\bin\msvcp140.dll
0x00007ffdea7c0000 - 0x00007ffdeb458000 	C:\Program Files\Java\jdk-20\bin\server\jvm.dll
0x00007ffe46070000 - 0x00007ffe460a4000 	C:\WINDOWS\SYSTEM32\WINMM.dll
0x00007ffe460d0000 - 0x00007ffe460d9000 	C:\WINDOWS\SYSTEM32\WSOCK32.dll
0x00007ffe4f6f0000 - 0x00007ffe4f761000 	C:\WINDOWS\System32\WS2_32.dll
0x00007ffe4d6d0000 - 0x00007ffe4d6e8000 	C:\WINDOWS\SYSTEM32\kernel.appcore.dll
0x00007ffe49a90000 - 0x00007ffe49a9a000 	C:\Program Files\Java\jdk-20\bin\jimage.dll
0x00007ffe3b190000 - 0x00007ffe3b3be000 	C:\WINDOWS\SYSTEM32\DBGHELP.DLL
0x00007ffe50600000 - 0x00007ffe5098a000 	C:\WINDOWS\System32\combase.dll
0x00007ffe50ec0000 - 0x00007ffe50f97000 	C:\WINDOWS\System32\OLEAUT32.dll
0x00007ffe2b880000 - 0x00007ffe2b8b2000 	C:\WINDOWS\SYSTEM32\dbgcore.DLL
0x00007ffe4e710000 - 0x00007ffe4e78a000 	C:\WINDOWS\System32\bcryptPrimitives.dll
0x00007ffe47590000 - 0x00007ffe475b6000 	C:\Program Files\Java\jdk-20\bin\java.dll

dbghelp: loaded successfully - version: 4.0.5 - missing functions: none
symbol engine: initialized successfully - sym options: 0x614 - pdb path: .;C:\Program Files\Java\jdk-20\bin;C:\WINDOWS\SYSTEM32;C:\WINDOWS\WinSxS\amd64_microsoft.windows.common-controls_6595b64144ccf1df_6.0.22621.2215_none_270d72677387dfc3;C:\Program Files\Java\jdk-20\bin\server

VM Arguments:
java_command: Ejercicio1
java_class_path (initial): C:\Users\Edgar\Documents\DAM\UNIVERSAE\Programación\U5.- Estructuras de control\Ejercicios\Ejercicios\target\classes
Launcher Type: SUN_STANDARD

[Global flags]
     intx CICompilerCount                          = 4                                         {product} {ergonomic}
     uint ConcGCThreads                            = 3                                         {product} {ergonomic}
     uint G1ConcRefinementThreads                  = 10                                        {product} {ergonomic}
   size_t G1HeapRegionSize                         = 1048576                                   {product} {ergonomic}
    uintx GCDrainStackTargetSize                   = 64                                        {product} {ergonomic}
   size_t InitialHeapSize                          = 123731968                                 {product} {ergonomic}
   size_t MarkStackSize                            = 4194304                                   {product} {ergonomic}
   size_t MaxHeapSize                              = 1973420032                                {product} {ergonomic}
   size_t MinHeapDeltaBytes                        = 1048576                                   {product} {ergonomic}
   size_t MinHeapSize                              = 8388608                                   {product} {ergonomic}
    uintx NonNMethodCodeHeapSize                   = 5839372                                {pd product} {ergonomic}
    uintx NonProfiledCodeHeapSize                  = 122909434                              {pd product} {ergonomic}
    uintx ProfiledCodeHeapSize                     = 122909434                              {pd product} {ergonomic}
    uintx ReservedCodeCacheSize                    = 251658240                              {pd product} {ergonomic}
     bool SegmentedCodeCache                       = true                                      {product} {ergonomic}
   size_t SoftMaxHeapSize                          = 1973420032                             {manageable} {ergonomic}
     bool UseCompressedClassPointers               = true                           {product lp64_product} {ergonomic}
     bool UseCompressedOops                        = true                           {product lp64_product} {ergonomic}
     bool UseG1GC                                  = true                                      {product} {ergonomic}
     bool UseLargePagesIndividualAllocation        = false                                  {pd product} {ergonomic}

Logging:
Log output configuration:
 #0: stdout all=warning uptime,level,tags foldmultilines=false
 #1: stderr all=off uptime,level,tags foldmultilines=false

Environment Variables:
JAVA_HOME=C:\Program Files\Java\jdk-20
PATH=C:\Program Files\Common Files\Oracle\Java\javapath;C:\Program Files\Eclipse Adoptium\jdk-17.0.8.7-hotspot\bin;C:\Windows\system32;C:\Windows;C:\Windows\System32\Wbem;C:\Windows\System32\WindowsPowerShell\v1.0\;C:\Windows\System32\OpenSSH\;C:\Program Files\dotnet\;C:\Program Files\AutoFirma\AutoFirma;C:\Program Files (x86)\NVIDIA Corporation\PhysX\Common;C:\Program Files (x86)\dotnet\;C:\Program Files\NVIDIA Corporation\NVIDIA NvDLISR;C:\ProgramData\chocolatey\bin;C:\WINDOWS\system32;C:\WINDOWS;C:\WINDOWS\System32\Wbem;C:\WINDOWS\System32\WindowsPowerShell\v1.0\;C:\WINDOWS\System32\OpenSSH\;C:\Program Files\Git\cmd;C:\Python\Python 3.11.4\Scripts\;C:\Python\Python 3.11.4\;C:\Program Files\MySQL\MySQL Shell 8.0\bin\;C:\Python\Python311\Scripts\;C:\Python\Python311\;C:\Users\Edgar\AppData\Local\Microsoft\WindowsApps;C:\Users\Edgar\spicetify-cli;C:\Microsoft VS Code\bin;C:\Windows\System32\sqlite\sqlite-tools-win32-x86-3420000;C:\Program Files\Git\bin;C:\Users\Edgar\Documents\flutter\bin;C:\Program Files\Git\cmd;C:\Users\Edgar\AppData\Local\Microsoft\WindowsApps
USERNAME=Edgar
OS=Windows_NT
PROCESSOR_IDENTIFIER=AMD64 Family 25 Model 80 Stepping 0, AuthenticAMD
TMP=C:\Users\Edgar\AppData\Local\Temp
TEMP=C:\Users\Edgar\AppData\Local\Temp




---------------  S Y S T E M  ---------------

OS:
 Windows 11 , 64 bit Build 22621 (10.0.22621.2215)
OS uptime: 0 days 4:49 hours
Hyper-V role detected

CPU: total 12 (initial active 12) (12 cores per cpu, 2 threads per core) family 25 model 80 stepping 0 microcode 0x0, cx8, cmov, fxsr, ht, mmx, 3dnowpref, sse, sse2, sse3, ssse3, sse4a, sse4.1, sse4.2, popcnt, lzcnt, tsc, tscinvbit, avx, avx2, aes, erms, clmul, bmi1, bmi2, adx, sha, fma, vzeroupper, clflush, clflushopt, hv, rdtscp, rdpid, fsrm, f16c, cet_ss

Memory: 4k page, system-wide physical 7521M (416M free)
TotalPageFile size 12521M (AvailPageFile size 86M)
current process WorkingSet (physical memory assigned to process): 11M, peak: 11M
current process commit charge ("private bytes"): 64M, peak: 182M

vm_info: Java HotSpot(TM) 64-Bit Server VM (20.0.2+9-78) for windows-amd64 JRE (20.0.2+9-78), built on 2023-06-14T10:08:48Z by "mach5one" with MS VC++ 17.1 (VS2022)

END.
