#
# There is insufficient memory for the Java Runtime Environment to continue.
# Native memory allocation (mmap) failed to map 65536 bytes for Failed to commit metaspace.
# Possible reasons:
#   The system is out of physical RAM or swap space
#   The process is running with CompressedOops enabled, and the Java Heap may be blocking the growth of the native heap
# Possible solutions:
#   Reduce memory load on the system
#   Increase physical memory or swap space
#   Check if swap backing store is full
#   Decrease Java heap size (-Xmx/-Xms)
#   Decrease number of Java threads
#   Decrease Java thread stack sizes (-Xss)
#   Set larger code cache with -XX:ReservedCodeCacheSize=
#   JVM is running with Unscaled Compressed Oops mode in which the Java heap is
#     placed in the first 4GB address space. The Java Heap base address is the
#     maximum limit for the native heap growth. Please use -XX:HeapBaseMinAddress
#     to set the Java Heap base and to place the Java Heap above 4GB virtual address.
# This output file may be truncated or incomplete.
#
#  Out of Memory Error (virtualSpaceNode.cpp:110), pid=13688, tid=13440
#
# JRE version: Java(TM) SE Runtime Environment (20.0.2+9) (build 20.0.2+9-78)
# Java VM: Java HotSpot(TM) 64-Bit Server VM (20.0.2+9-78, mixed mode, tiered, compressed oops, compressed class ptrs, g1 gc, windows-amd64)
# No core dump will be written. Minidumps are not enabled by default on client versions of Windows
#

---------------  S U M M A R Y ------------

Command Line: -Dclassworlds.conf=C:\Program Files\NetBeans-19\netbeans\java\maven\bin\m2.conf -Dmaven.home=C:\Program Files\NetBeans-19\netbeans\java\maven -Dlibrary.jansi.path=C:\Program Files\NetBeans-19\netbeans\java\maven\lib\jansi-native -Dmaven.multiModuleProjectDirectory=C:\Users\Edgar\Documents\DAM\UNIVERSAE\Programación\U5.- Estructuras de control\Ejercicios org.codehaus.plexus.classworlds.launcher.Launcher -Dexec.vmArgs= -Dexec.args=${exec.vmArgs} -classpath %classpath ${exec.mainClass} ${exec.appArgs} -Dexec.executable=C:\Program Files\Java\jdk-20\bin\java.exe -Dexec.mainClass=Ejercicio9 -Dexec.classpathScope=runtime -Dexec.appArgs= -Dmaven.ext.class.path=C:\Program Files\NetBeans-19\netbeans\java\maven-nblib\netbeans-eventspy.jar --no-transfer-progress process-classes org.codehaus.mojo:exec-maven-plugin:3.1.0:exec

Host: AMD Ryzen 5 5600H with Radeon Graphics         , 12 cores, 7G,  Windows 11 , 64 bit Build 22621 (10.0.22621.2215)
Time: Thu Sep 21 12:22:40 2023 Hora de verano romance elapsed time: 0.113752 seconds (0d 0h 0m 0s)

---------------  T H R E A D  ---------------

Current thread (0x000001423fecdde0):  JavaThread "main" [_thread_in_vm, id=13440, stack(0x0000003f2a000000,0x0000003f2a100000)]

Stack: [0x0000003f2a000000,0x0000003f2a100000]
Native frames: (J=compiled Java code, j=interpreted, Vv=VM code, C=native code)
V  [jvm.dll+0x6bc25a]
V  [jvm.dll+0x84971a]
V  [jvm.dll+0x84b315]
V  [jvm.dll+0x84ba13]
V  [jvm.dll+0x280e4f]
V  [jvm.dll+0x84565b]
V  [jvm.dll+0x660616]
V  [jvm.dll+0x66067a]
V  [jvm.dll+0x662f53]
V  [jvm.dll+0x662e1e]
V  [jvm.dll+0x66102e]
V  [jvm.dll+0x66b6a7]
V  [jvm.dll+0x21b712]
V  [jvm.dll+0x21bc45]
V  [jvm.dll+0x21c631]
V  [jvm.dll+0x211a50]
V  [jvm.dll+0x59c7cc]
V  [jvm.dll+0x22303a]
V  [jvm.dll+0x7c38c4]
V  [jvm.dll+0x7c4a0f]
V  [jvm.dll+0x7c4fbf]
V  [jvm.dll+0x7c4c68]
V  [jvm.dll+0x2705bb]
V  [jvm.dll+0x2707df]
V  [jvm.dll+0x5be3f8]
V  [jvm.dll+0x5c1357]
V  [jvm.dll+0x3dc520]
V  [jvm.dll+0x3dbb5f]
C  0x000001424f4fe740

Java frames: (J=compiled Java code, j=interpreted, Vv=VM code)
j  sun.nio.fs.WindowsFileSystemProvider.newByteChannel(Ljava/nio/file/Path;Ljava/util/Set;[Ljava/nio/file/attribute/FileAttribute;)Ljava/nio/channels/SeekableByteChannel;+7 java.base@20.0.2
j  java.nio.file.Files.newByteChannel(Ljava/nio/file/Path;Ljava/util/Set;[Ljava/nio/file/attribute/FileAttribute;)Ljava/nio/channels/SeekableByteChannel;+7 java.base@20.0.2
j  java.nio.file.Files.newByteChannel(Ljava/nio/file/Path;[Ljava/nio/file/OpenOption;)Ljava/nio/channels/SeekableByteChannel;+32 java.base@20.0.2
j  java.nio.file.spi.FileSystemProvider.newInputStream(Ljava/nio/file/Path;[Ljava/nio/file/OpenOption;)Ljava/io/InputStream;+84 java.base@20.0.2
j  java.nio.file.Files.newInputStream(Ljava/nio/file/Path;[Ljava/nio/file/OpenOption;)Ljava/io/InputStream;+6 java.base@20.0.2
j  org.codehaus.plexus.classworlds.launcher.Launcher.mainWithExitCode([Ljava/lang/String;)I+44
j  org.codehaus.plexus.classworlds.launcher.Launcher.main([Ljava/lang/String;)V+1
v  ~StubRoutines::call_stub 0x000001424f4d100d

---------------  P R O C E S S  ---------------

Threads class SMR info:
_java_thread_list=0x0000014260dc5e40, length=11, elements={
0x000001423fecdde0, 0x0000014260c488e0, 0x0000014260c49c80, 0x0000014260c6a180,
0x0000014260c4baf0, 0x0000014260c4c7e0, 0x0000014260c4fa00, 0x0000014260c77540,
0x0000014260c74e90, 0x0000014260de59f0, 0x0000014260dff830
}

Java Threads: ( => current thread )
=>0x000001423fecdde0 JavaThread "main" [_thread_in_vm, id=13440, stack(0x0000003f2a000000,0x0000003f2a100000)]
  0x0000014260c488e0 JavaThread "Reference Handler" daemon [_thread_blocked, id=3184, stack(0x0000003f2a700000,0x0000003f2a800000)]
  0x0000014260c49c80 JavaThread "Finalizer" daemon [_thread_blocked, id=11948, stack(0x0000003f2a800000,0x0000003f2a900000)]
  0x0000014260c6a180 JavaThread "Signal Dispatcher" daemon [_thread_blocked, id=17536, stack(0x0000003f2a900000,0x0000003f2aa00000)]
  0x0000014260c4baf0 JavaThread "Attach Listener" daemon [_thread_blocked, id=19904, stack(0x0000003f2aa00000,0x0000003f2ab00000)]
  0x0000014260c4c7e0 JavaThread "Service Thread" daemon [_thread_blocked, id=12228, stack(0x0000003f2ab00000,0x0000003f2ac00000)]
  0x0000014260c4fa00 JavaThread "Monitor Deflation Thread" daemon [_thread_blocked, id=10508, stack(0x0000003f2ac00000,0x0000003f2ad00000)]
  0x0000014260c77540 JavaThread "C2 CompilerThread0" daemon [_thread_blocked, id=10896, stack(0x0000003f2ad00000,0x0000003f2ae00000)]
  0x0000014260c74e90 JavaThread "C1 CompilerThread0" daemon [_thread_blocked, id=3396, stack(0x0000003f2ae00000,0x0000003f2af00000)]
  0x0000014260de59f0 JavaThread "Notification Thread" daemon [_thread_blocked, id=2960, stack(0x0000003f2af00000,0x0000003f2b000000)]
  0x0000014260dff830 JavaThread "Common-Cleaner" daemon [_thread_blocked, id=19888, stack(0x0000003f2b100000,0x0000003f2b200000)]

Other Threads:
  0x000001425ca06010 VMThread "VM Thread" [stack: 0x0000003f2a600000,0x0000003f2a700000] [id=18656]
  0x0000014260de9320 WatcherThread "VM Periodic Task Thread" [stack: 0x0000003f2b000000,0x0000003f2b100000] [id=7824]
  0x000001423ff28970 WorkerThread "GC Thread#0" [stack: 0x0000003f2a100000,0x0000003f2a200000] [id=4752]
  0x000001423ff3a590 ConcurrentGCThread "G1 Main Marker" [stack: 0x0000003f2a200000,0x0000003f2a300000] [id=18508]
  0x000001423ff3b770 WorkerThread "G1 Conc#0" [stack: 0x0000003f2a300000,0x0000003f2a400000] [id=12016]
  0x000001423ff8ea10 ConcurrentGCThread "G1 Refine#0" [stack: 0x0000003f2a400000,0x0000003f2a500000] [id=5588]
  0x000001425c855640 ConcurrentGCThread "G1 Service" [stack: 0x0000003f2a500000,0x0000003f2a600000] [id=172]

Threads with active compile tasks:

VM state: not at safepoint (normal execution)

VM Mutex/Monitor currently owned by a thread:  ([mutex/lock_event])
[0x000001423ddda9d0] Metaspace_lock - owner thread: 0x000001423fecdde0

Heap address: 0x000000008a600000, size: 1882 MB, Compressed Oops mode: 32-bit

CDS archive(s) not mapped
Compressed class space mapped at: 0x0000000100000000-0x0000000140000000, reserved size: 1073741824
Narrow klass base: 0x0000000000000000, Narrow klass shift: 3, Narrow klass range: 0x140000000

GC Precious Log:
 CardTable entry size: 512
 Card Set container configuration: InlinePtr #cards 5 size 8 Array Of Cards #cards 12 size 40 Howl #buckets 4 coarsen threshold 1843 Howl Bitmap #cards 512 size 80 coarsen threshold 460 Card regions per heap region 1 cards per card region 2048
 CPUs: 12 total, 12 available
 Memory: 7521M
 Large Page Support: Disabled
 NUMA Support: Disabled
 Compressed Oops: Enabled (32-bit)
 Heap Region Size: 1M
 Heap Min Capacity: 8M
 Heap Initial Capacity: 118M
 Heap Max Capacity: 1882M
 Pre-touch: Disabled
 Parallel Workers: 10
 Concurrent Workers: 3
 Concurrent Refinement Workers: 10
 Periodic GC: Disabled

Heap:
 garbage-first heap   total 120832K, used 1024K [0x000000008a600000, 0x0000000100000000)
  region size 1024K, 2 young (2048K), 0 survivors (0K)
 Metaspace       used 5206K, committed 5312K, reserved 1114112K
  class space    used 436K, committed 512K, reserved 1048576K

Heap Regions: E=young(eden), S=young(survivor), O=old, HS=humongous(starts), HC=humongous(continues), CS=collection set, F=free, OA=open archive, CA=closed archive, TAMS=top-at-mark-start, PB=parsable bottom
|   0|0x000000008a600000, 0x000000008a600000, 0x000000008a700000|  0%| F|  |TAMS 0x000000008a600000| PB 0x000000008a600000| Untracked 
|   1|0x000000008a700000, 0x000000008a700000, 0x000000008a800000|  0%| F|  |TAMS 0x000000008a700000| PB 0x000000008a700000| Untracked 
|   2|0x000000008a800000, 0x000000008a800000, 0x000000008a900000|  0%| F|  |TAMS 0x000000008a800000| PB 0x000000008a800000| Untracked 
|   3|0x000000008a900000, 0x000000008a900000, 0x000000008aa00000|  0%| F|  |TAMS 0x000000008a900000| PB 0x000000008a900000| Untracked 
|   4|0x000000008aa00000, 0x000000008aa00000, 0x000000008ab00000|  0%| F|  |TAMS 0x000000008aa00000| PB 0x000000008aa00000| Untracked 
|   5|0x000000008ab00000, 0x000000008ab00000, 0x000000008ac00000|  0%| F|  |TAMS 0x000000008ab00000| PB 0x000000008ab00000| Untracked 
|   6|0x000000008ac00000, 0x000000008ac00000, 0x000000008ad00000|  0%| F|  |TAMS 0x000000008ac00000| PB 0x000000008ac00000| Untracked 
|   7|0x000000008ad00000, 0x000000008ad00000, 0x000000008ae00000|  0%| F|  |TAMS 0x000000008ad00000| PB 0x000000008ad00000| Untracked 
|   8|0x000000008ae00000, 0x000000008ae00000, 0x000000008af00000|  0%| F|  |TAMS 0x000000008ae00000| PB 0x000000008ae00000| Untracked 
|   9|0x000000008af00000, 0x000000008af00000, 0x000000008b000000|  0%| F|  |TAMS 0x000000008af00000| PB 0x000000008af00000| Untracked 
|  10|0x000000008b000000, 0x000000008b000000, 0x000000008b100000|  0%| F|  |TAMS 0x000000008b000000| PB 0x000000008b000000| Untracked 
|  11|0x000000008b100000, 0x000000008b100000, 0x000000008b200000|  0%| F|  |TAMS 0x000000008b100000| PB 0x000000008b100000| Untracked 
|  12|0x000000008b200000, 0x000000008b200000, 0x000000008b300000|  0%| F|  |TAMS 0x000000008b200000| PB 0x000000008b200000| Untracked 
|  13|0x000000008b300000, 0x000000008b300000, 0x000000008b400000|  0%| F|  |TAMS 0x000000008b300000| PB 0x000000008b300000| Untracked 
|  14|0x000000008b400000, 0x000000008b400000, 0x000000008b500000|  0%| F|  |TAMS 0x000000008b400000| PB 0x000000008b400000| Untracked 
|  15|0x000000008b500000, 0x000000008b500000, 0x000000008b600000|  0%| F|  |TAMS 0x000000008b500000| PB 0x000000008b500000| Untracked 
|  16|0x000000008b600000, 0x000000008b600000, 0x000000008b700000|  0%| F|  |TAMS 0x000000008b600000| PB 0x000000008b600000| Untracked 
|  17|0x000000008b700000, 0x000000008b700000, 0x000000008b800000|  0%| F|  |TAMS 0x000000008b700000| PB 0x000000008b700000| Untracked 
|  18|0x000000008b800000, 0x000000008b800000, 0x000000008b900000|  0%| F|  |TAMS 0x000000008b800000| PB 0x000000008b800000| Untracked 
|  19|0x000000008b900000, 0x000000008b900000, 0x000000008ba00000|  0%| F|  |TAMS 0x000000008b900000| PB 0x000000008b900000| Untracked 
|  20|0x000000008ba00000, 0x000000008ba00000, 0x000000008bb00000|  0%| F|  |TAMS 0x000000008ba00000| PB 0x000000008ba00000| Untracked 
|  21|0x000000008bb00000, 0x000000008bb00000, 0x000000008bc00000|  0%| F|  |TAMS 0x000000008bb00000| PB 0x000000008bb00000| Untracked 
|  22|0x000000008bc00000, 0x000000008bc00000, 0x000000008bd00000|  0%| F|  |TAMS 0x000000008bc00000| PB 0x000000008bc00000| Untracked 
|  23|0x000000008bd00000, 0x000000008bd00000, 0x000000008be00000|  0%| F|  |TAMS 0x000000008bd00000| PB 0x000000008bd00000| Untracked 
|  24|0x000000008be00000, 0x000000008be00000, 0x000000008bf00000|  0%| F|  |TAMS 0x000000008be00000| PB 0x000000008be00000| Untracked 
|  25|0x000000008bf00000, 0x000000008bf00000, 0x000000008c000000|  0%| F|  |TAMS 0x000000008bf00000| PB 0x000000008bf00000| Untracked 
|  26|0x000000008c000000, 0x000000008c000000, 0x000000008c100000|  0%| F|  |TAMS 0x000000008c000000| PB 0x000000008c000000| Untracked 
|  27|0x000000008c100000, 0x000000008c100000, 0x000000008c200000|  0%| F|  |TAMS 0x000000008c100000| PB 0x000000008c100000| Untracked 
|  28|0x000000008c200000, 0x000000008c200000, 0x000000008c300000|  0%| F|  |TAMS 0x000000008c200000| PB 0x000000008c200000| Untracked 
|  29|0x000000008c300000, 0x000000008c300000, 0x000000008c400000|  0%| F|  |TAMS 0x000000008c300000| PB 0x000000008c300000| Untracked 
|  30|0x000000008c400000, 0x000000008c400000, 0x000000008c500000|  0%| F|  |TAMS 0x000000008c400000| PB 0x000000008c400000| Untracked 
|  31|0x000000008c500000, 0x000000008c500000, 0x000000008c600000|  0%| F|  |TAMS 0x000000008c500000| PB 0x000000008c500000| Untracked 
|  32|0x000000008c600000, 0x000000008c600000, 0x000000008c700000|  0%| F|  |TAMS 0x000000008c600000| PB 0x000000008c600000| Untracked 
|  33|0x000000008c700000, 0x000000008c700000, 0x000000008c800000|  0%| F|  |TAMS 0x000000008c700000| PB 0x000000008c700000| Untracked 
|  34|0x000000008c800000, 0x000000008c800000, 0x000000008c900000|  0%| F|  |TAMS 0x000000008c800000| PB 0x000000008c800000| Untracked 
|  35|0x000000008c900000, 0x000000008c900000, 0x000000008ca00000|  0%| F|  |TAMS 0x000000008c900000| PB 0x000000008c900000| Untracked 
|  36|0x000000008ca00000, 0x000000008ca00000, 0x000000008cb00000|  0%| F|  |TAMS 0x000000008ca00000| PB 0x000000008ca00000| Untracked 
|  37|0x000000008cb00000, 0x000000008cb00000, 0x000000008cc00000|  0%| F|  |TAMS 0x000000008cb00000| PB 0x000000008cb00000| Untracked 
|  38|0x000000008cc00000, 0x000000008cc00000, 0x000000008cd00000|  0%| F|  |TAMS 0x000000008cc00000| PB 0x000000008cc00000| Untracked 
|  39|0x000000008cd00000, 0x000000008cd00000, 0x000000008ce00000|  0%| F|  |TAMS 0x000000008cd00000| PB 0x000000008cd00000| Untracked 
|  40|0x000000008ce00000, 0x000000008ce00000, 0x000000008cf00000|  0%| F|  |TAMS 0x000000008ce00000| PB 0x000000008ce00000| Untracked 
|  41|0x000000008cf00000, 0x000000008cf00000, 0x000000008d000000|  0%| F|  |TAMS 0x000000008cf00000| PB 0x000000008cf00000| Untracked 
|  42|0x000000008d000000, 0x000000008d000000, 0x000000008d100000|  0%| F|  |TAMS 0x000000008d000000| PB 0x000000008d000000| Untracked 
|  43|0x000000008d100000, 0x000000008d100000, 0x000000008d200000|  0%| F|  |TAMS 0x000000008d100000| PB 0x000000008d100000| Untracked 
|  44|0x000000008d200000, 0x000000008d200000, 0x000000008d300000|  0%| F|  |TAMS 0x000000008d200000| PB 0x000000008d200000| Untracked 
|  45|0x000000008d300000, 0x000000008d300000, 0x000000008d400000|  0%| F|  |TAMS 0x000000008d300000| PB 0x000000008d300000| Untracked 
|  46|0x000000008d400000, 0x000000008d400000, 0x000000008d500000|  0%| F|  |TAMS 0x000000008d400000| PB 0x000000008d400000| Untracked 
|  47|0x000000008d500000, 0x000000008d500000, 0x000000008d600000|  0%| F|  |TAMS 0x000000008d500000| PB 0x000000008d500000| Untracked 
|  48|0x000000008d600000, 0x000000008d600000, 0x000000008d700000|  0%| F|  |TAMS 0x000000008d600000| PB 0x000000008d600000| Untracked 
|  49|0x000000008d700000, 0x000000008d700000, 0x000000008d800000|  0%| F|  |TAMS 0x000000008d700000| PB 0x000000008d700000| Untracked 
|  50|0x000000008d800000, 0x000000008d800000, 0x000000008d900000|  0%| F|  |TAMS 0x000000008d800000| PB 0x000000008d800000| Untracked 
|  51|0x000000008d900000, 0x000000008d900000, 0x000000008da00000|  0%| F|  |TAMS 0x000000008d900000| PB 0x000000008d900000| Untracked 
|  52|0x000000008da00000, 0x000000008da00000, 0x000000008db00000|  0%| F|  |TAMS 0x000000008da00000| PB 0x000000008da00000| Untracked 
|  53|0x000000008db00000, 0x000000008db00000, 0x000000008dc00000|  0%| F|  |TAMS 0x000000008db00000| PB 0x000000008db00000| Untracked 
|  54|0x000000008dc00000, 0x000000008dc00000, 0x000000008dd00000|  0%| F|  |TAMS 0x000000008dc00000| PB 0x000000008dc00000| Untracked 
|  55|0x000000008dd00000, 0x000000008dd00000, 0x000000008de00000|  0%| F|  |TAMS 0x000000008dd00000| PB 0x000000008dd00000| Untracked 
|  56|0x000000008de00000, 0x000000008de00000, 0x000000008df00000|  0%| F|  |TAMS 0x000000008de00000| PB 0x000000008de00000| Untracked 
|  57|0x000000008df00000, 0x000000008df00000, 0x000000008e000000|  0%| F|  |TAMS 0x000000008df00000| PB 0x000000008df00000| Untracked 
|  58|0x000000008e000000, 0x000000008e000000, 0x000000008e100000|  0%| F|  |TAMS 0x000000008e000000| PB 0x000000008e000000| Untracked 
|  59|0x000000008e100000, 0x000000008e100000, 0x000000008e200000|  0%| F|  |TAMS 0x000000008e100000| PB 0x000000008e100000| Untracked 
|  60|0x000000008e200000, 0x000000008e200000, 0x000000008e300000|  0%| F|  |TAMS 0x000000008e200000| PB 0x000000008e200000| Untracked 
|  61|0x000000008e300000, 0x000000008e300000, 0x000000008e400000|  0%| F|  |TAMS 0x000000008e300000| PB 0x000000008e300000| Untracked 
|  62|0x000000008e400000, 0x000000008e400000, 0x000000008e500000|  0%| F|  |TAMS 0x000000008e400000| PB 0x000000008e400000| Untracked 
|  63|0x000000008e500000, 0x000000008e500000, 0x000000008e600000|  0%| F|  |TAMS 0x000000008e500000| PB 0x000000008e500000| Untracked 
|  64|0x000000008e600000, 0x000000008e600000, 0x000000008e700000|  0%| F|  |TAMS 0x000000008e600000| PB 0x000000008e600000| Untracked 
|  65|0x000000008e700000, 0x000000008e700000, 0x000000008e800000|  0%| F|  |TAMS 0x000000008e700000| PB 0x000000008e700000| Untracked 
|  66|0x000000008e800000, 0x000000008e800000, 0x000000008e900000|  0%| F|  |TAMS 0x000000008e800000| PB 0x000000008e800000| Untracked 
|  67|0x000000008e900000, 0x000000008e900000, 0x000000008ea00000|  0%| F|  |TAMS 0x000000008e900000| PB 0x000000008e900000| Untracked 
|  68|0x000000008ea00000, 0x000000008ea00000, 0x000000008eb00000|  0%| F|  |TAMS 0x000000008ea00000| PB 0x000000008ea00000| Untracked 
|  69|0x000000008eb00000, 0x000000008eb00000, 0x000000008ec00000|  0%| F|  |TAMS 0x000000008eb00000| PB 0x000000008eb00000| Untracked 
|  70|0x000000008ec00000, 0x000000008ec00000, 0x000000008ed00000|  0%| F|  |TAMS 0x000000008ec00000| PB 0x000000008ec00000| Untracked 
|  71|0x000000008ed00000, 0x000000008ed00000, 0x000000008ee00000|  0%| F|  |TAMS 0x000000008ed00000| PB 0x000000008ed00000| Untracked 
|  72|0x000000008ee00000, 0x000000008ee00000, 0x000000008ef00000|  0%| F|  |TAMS 0x000000008ee00000| PB 0x000000008ee00000| Untracked 
|  73|0x000000008ef00000, 0x000000008ef00000, 0x000000008f000000|  0%| F|  |TAMS 0x000000008ef00000| PB 0x000000008ef00000| Untracked 
|  74|0x000000008f000000, 0x000000008f000000, 0x000000008f100000|  0%| F|  |TAMS 0x000000008f000000| PB 0x000000008f000000| Untracked 
|  75|0x000000008f100000, 0x000000008f100000, 0x000000008f200000|  0%| F|  |TAMS 0x000000008f100000| PB 0x000000008f100000| Untracked 
|  76|0x000000008f200000, 0x000000008f200000, 0x000000008f300000|  0%| F|  |TAMS 0x000000008f200000| PB 0x000000008f200000| Untracked 
|  77|0x000000008f300000, 0x000000008f300000, 0x000000008f400000|  0%| F|  |TAMS 0x000000008f300000| PB 0x000000008f300000| Untracked 
|  78|0x000000008f400000, 0x000000008f400000, 0x000000008f500000|  0%| F|  |TAMS 0x000000008f400000| PB 0x000000008f400000| Untracked 
|  79|0x000000008f500000, 0x000000008f500000, 0x000000008f600000|  0%| F|  |TAMS 0x000000008f500000| PB 0x000000008f500000| Untracked 
|  80|0x000000008f600000, 0x000000008f600000, 0x000000008f700000|  0%| F|  |TAMS 0x000000008f600000| PB 0x000000008f600000| Untracked 
|  81|0x000000008f700000, 0x000000008f700000, 0x000000008f800000|  0%| F|  |TAMS 0x000000008f700000| PB 0x000000008f700000| Untracked 
|  82|0x000000008f800000, 0x000000008f800000, 0x000000008f900000|  0%| F|  |TAMS 0x000000008f800000| PB 0x000000008f800000| Untracked 
|  83|0x000000008f900000, 0x000000008f900000, 0x000000008fa00000|  0%| F|  |TAMS 0x000000008f900000| PB 0x000000008f900000| Untracked 
|  84|0x000000008fa00000, 0x000000008fa00000, 0x000000008fb00000|  0%| F|  |TAMS 0x000000008fa00000| PB 0x000000008fa00000| Untracked 
|  85|0x000000008fb00000, 0x000000008fb00000, 0x000000008fc00000|  0%| F|  |TAMS 0x000000008fb00000| PB 0x000000008fb00000| Untracked 
|  86|0x000000008fc00000, 0x000000008fc00000, 0x000000008fd00000|  0%| F|  |TAMS 0x000000008fc00000| PB 0x000000008fc00000| Untracked 
|  87|0x000000008fd00000, 0x000000008fd00000, 0x000000008fe00000|  0%| F|  |TAMS 0x000000008fd00000| PB 0x000000008fd00000| Untracked 
|  88|0x000000008fe00000, 0x000000008fe00000, 0x000000008ff00000|  0%| F|  |TAMS 0x000000008fe00000| PB 0x000000008fe00000| Untracked 
|  89|0x000000008ff00000, 0x000000008ff00000, 0x0000000090000000|  0%| F|  |TAMS 0x000000008ff00000| PB 0x000000008ff00000| Untracked 
|  90|0x0000000090000000, 0x0000000090000000, 0x0000000090100000|  0%| F|  |TAMS 0x0000000090000000| PB 0x0000000090000000| Untracked 
|  91|0x0000000090100000, 0x0000000090100000, 0x0000000090200000|  0%| F|  |TAMS 0x0000000090100000| PB 0x0000000090100000| Untracked 
|  92|0x0000000090200000, 0x0000000090200000, 0x0000000090300000|  0%| F|  |TAMS 0x0000000090200000| PB 0x0000000090200000| Untracked 
|  93|0x0000000090300000, 0x0000000090300000, 0x0000000090400000|  0%| F|  |TAMS 0x0000000090300000| PB 0x0000000090300000| Untracked 
|  94|0x0000000090400000, 0x0000000090400000, 0x0000000090500000|  0%| F|  |TAMS 0x0000000090400000| PB 0x0000000090400000| Untracked 
|  95|0x0000000090500000, 0x0000000090500000, 0x0000000090600000|  0%| F|  |TAMS 0x0000000090500000| PB 0x0000000090500000| Untracked 
|  96|0x0000000090600000, 0x0000000090600000, 0x0000000090700000|  0%| F|  |TAMS 0x0000000090600000| PB 0x0000000090600000| Untracked 
|  97|0x0000000090700000, 0x0000000090700000, 0x0000000090800000|  0%| F|  |TAMS 0x0000000090700000| PB 0x0000000090700000| Untracked 
|  98|0x0000000090800000, 0x0000000090800000, 0x0000000090900000|  0%| F|  |TAMS 0x0000000090800000| PB 0x0000000090800000| Untracked 
|  99|0x0000000090900000, 0x0000000090900000, 0x0000000090a00000|  0%| F|  |TAMS 0x0000000090900000| PB 0x0000000090900000| Untracked 
| 100|0x0000000090a00000, 0x0000000090a00000, 0x0000000090b00000|  0%| F|  |TAMS 0x0000000090a00000| PB 0x0000000090a00000| Untracked 
| 101|0x0000000090b00000, 0x0000000090b00000, 0x0000000090c00000|  0%| F|  |TAMS 0x0000000090b00000| PB 0x0000000090b00000| Untracked 
| 102|0x0000000090c00000, 0x0000000090c00000, 0x0000000090d00000|  0%| F|  |TAMS 0x0000000090c00000| PB 0x0000000090c00000| Untracked 
| 103|0x0000000090d00000, 0x0000000090d00000, 0x0000000090e00000|  0%| F|  |TAMS 0x0000000090d00000| PB 0x0000000090d00000| Untracked 
| 104|0x0000000090e00000, 0x0000000090e00000, 0x0000000090f00000|  0%| F|  |TAMS 0x0000000090e00000| PB 0x0000000090e00000| Untracked 
| 105|0x0000000090f00000, 0x0000000090f00000, 0x0000000091000000|  0%| F|  |TAMS 0x0000000090f00000| PB 0x0000000090f00000| Untracked 
| 106|0x0000000091000000, 0x0000000091000000, 0x0000000091100000|  0%| F|  |TAMS 0x0000000091000000| PB 0x0000000091000000| Untracked 
| 107|0x0000000091100000, 0x0000000091100000, 0x0000000091200000|  0%| F|  |TAMS 0x0000000091100000| PB 0x0000000091100000| Untracked 
| 108|0x0000000091200000, 0x0000000091200000, 0x0000000091300000|  0%| F|  |TAMS 0x0000000091200000| PB 0x0000000091200000| Untracked 
| 109|0x0000000091300000, 0x0000000091300000, 0x0000000091400000|  0%| F|  |TAMS 0x0000000091300000| PB 0x0000000091300000| Untracked 
| 110|0x0000000091400000, 0x0000000091400000, 0x0000000091500000|  0%| F|  |TAMS 0x0000000091400000| PB 0x0000000091400000| Untracked 
| 111|0x0000000091500000, 0x0000000091500000, 0x0000000091600000|  0%| F|  |TAMS 0x0000000091500000| PB 0x0000000091500000| Untracked 
| 112|0x0000000091600000, 0x0000000091600000, 0x0000000091700000|  0%| F|  |TAMS 0x0000000091600000| PB 0x0000000091600000| Untracked 
| 113|0x0000000091700000, 0x0000000091700000, 0x0000000091800000|  0%| F|  |TAMS 0x0000000091700000| PB 0x0000000091700000| Untracked 
| 114|0x0000000091800000, 0x0000000091800000, 0x0000000091900000|  0%| F|  |TAMS 0x0000000091800000| PB 0x0000000091800000| Untracked 
| 115|0x0000000091900000, 0x0000000091900000, 0x0000000091a00000|  0%| F|  |TAMS 0x0000000091900000| PB 0x0000000091900000| Untracked 
| 116|0x0000000091a00000, 0x0000000091aec168, 0x0000000091b00000| 92%| E|  |TAMS 0x0000000091a00000| PB 0x0000000091a00000| Complete 
| 117|0x0000000091b00000, 0x0000000091c00000, 0x0000000091c00000|100%| E|CS|TAMS 0x0000000091b00000| PB 0x0000000091b00000| Complete 

Card table byte_map: [0x00000142578a0000,0x0000014257c50000] _byte_map_base: 0x000001425744d000

Marking Bits: (CMBitMap*) 0x000001423ff29fb0
 Bits: [0x0000014258000000, 0x0000014259d68000)

Polling page: 0x000001423f690000

Metaspace:

Usage:
  Non-class:      4.66 MB used.
      Class:    436.09 KB used.
       Both:      5.08 MB used.

Virtual space:
  Non-class space:       64.00 MB reserved,       4.69 MB (  7%) committed,  1 nodes.
      Class space:        1.00 GB reserved,     512.00 KB ( <1%) committed,  1 nodes.
             Both:        1.06 GB reserved,       5.19 MB ( <1%) committed. 

Chunk freelists:
   Non-Class:  2.96 MB
       Class:  3.55 MB
        Both:  6.52 MB

MaxMetaspaceSize: unlimited
CompressedClassSpaceSize: 1.00 GB
Initial GC threshold: 21.00 MB
Current GC threshold: 21.00 MB
CDS: off
MetaspaceReclaimPolicy: balanced
 - commit_granule_bytes: 65536.
 - commit_granule_words: 8192.
 - virtual_space_node_default_size: 8388608.
 - enlarge_chunks_in_place: 1.
 - new_chunks_are_fully_committed: 0.
 - uncommit_free_chunks: 1.
 - use_allocation_guard: 0.


Internal statistics:

num_allocs_failed_limit: 0.
num_arena_births: 4.
num_arena_deaths: 0.
num_vsnodes_births: 2.
num_vsnodes_deaths: 0.
num_space_committed: 83.
num_space_uncommitted: 0.
num_chunks_returned_to_freelist: 0.
num_chunks_taken_from_freelist: 13.
num_chunk_merges: 0.
num_chunk_splits: 6.
num_chunks_enlarged: 4.
num_inconsistent_stats: 0.

CodeHeap 'non-profiled nmethods': size=120000Kb used=13Kb max_used=13Kb free=119986Kb
 bounds [0x000001424fa70000, 0x000001424fce0000, 0x0000014256fa0000]
CodeHeap 'profiled nmethods': size=120000Kb used=103Kb max_used=103Kb free=119896Kb
 bounds [0x0000014247fa0000, 0x0000014248210000, 0x000001424f4d0000]
CodeHeap 'non-nmethods': size=5760Kb used=1262Kb max_used=1262Kb free=4497Kb
 bounds [0x000001424f4d0000, 0x000001424f740000, 0x000001424fa70000]
 total_blobs=407 nmethods=77 adapters=241
 compilation: enabled
              stopped_count=0, restarted_count=0
 full_count=0

Compilation events (20 events):
Event: 0.094 Thread 0x0000014260c74e90   68       3       java.lang.String::indexOf (29 bytes)
Event: 0.094 Thread 0x0000014260c74e90 nmethod 68 0x0000014247fb4e90 code [0x0000014247fb5040, 0x0000014247fb52e0]
Event: 0.094 Thread 0x0000014260c74e90   69       3       java.lang.StringLatin1::indexOf (36 bytes)
Event: 0.094 Thread 0x0000014260c74e90 nmethod 69 0x0000014247fb5410 code [0x0000014247fb55c0, 0x0000014247fb5a00]
Event: 0.094 Thread 0x0000014260c74e90   70       3       java.lang.Math::min (11 bytes)
Event: 0.094 Thread 0x0000014260c74e90 nmethod 70 0x0000014247fb5b90 code [0x0000014247fb5d20, 0x0000014247fb5e60]
Event: 0.099 Thread 0x0000014260c74e90   71       3       java.util.zip.ZipUtils::SH (21 bytes)
Event: 0.099 Thread 0x0000014260c74e90 nmethod 71 0x0000014247fb5f10 code [0x0000014247fb60a0, 0x0000014247fb61e8]
Event: 0.107 Thread 0x0000014260c74e90   72       3       java.util.HashMap::putVal (300 bytes)
Event: 0.107 Thread 0x0000014260c74e90 nmethod 72 0x0000014247fb6310 code [0x0000014247fb65a0, 0x0000014247fb7720]
Event: 0.110 Thread 0x0000014260c74e90   73       3       java.lang.String::indexOf (7 bytes)
Event: 0.110 Thread 0x0000014260c74e90 nmethod 73 0x0000014247fb7c10 code [0x0000014247fb7de0, 0x0000014247fb80f8]
Event: 0.110 Thread 0x0000014260c74e90   74       3       java.lang.Math::max (11 bytes)
Event: 0.111 Thread 0x0000014260c74e90 nmethod 74 0x0000014247fb8210 code [0x0000014247fb83a0, 0x0000014247fb84e0]
Event: 0.111 Thread 0x0000014260c74e90   75       3       java.lang.String::getBytes (44 bytes)
Event: 0.111 Thread 0x0000014260c74e90 nmethod 75 0x0000014247fb8590 code [0x0000014247fb8740, 0x0000014247fb8a48]
Event: 0.112 Thread 0x0000014260c74e90   76       3       java.util.Arrays::copyOfRange (64 bytes)
Event: 0.112 Thread 0x0000014260c74e90 nmethod 76 0x0000014247fb8b90 code [0x0000014247fb8de0, 0x0000014247fb9660]
Event: 0.113 Thread 0x0000014260c74e90   77       3       sun.nio.fs.WindowsPathParser::isSlash (18 bytes)
Event: 0.113 Thread 0x0000014260c74e90 nmethod 77 0x0000014247fb9a10 code [0x0000014247fb9ba0, 0x0000014247fb9d20]

GC Heap History (0 events):
No events

Dll operation events (5 events):
Event: 0.005 Loaded shared library C:\Program Files\Java\jdk-20\bin\java.dll
Event: 0.029 Loaded shared library C:\Program Files\Java\jdk-20\bin\jsvml.dll
Event: 0.095 Loaded shared library C:\Program Files\Java\jdk-20\bin\net.dll
Event: 0.097 Loaded shared library C:\Program Files\Java\jdk-20\bin\nio.dll
Event: 0.104 Loaded shared library C:\Program Files\Java\jdk-20\bin\zip.dll

Deoptimization events (0 events):
No events

Classes loaded (20 events):
Event: 0.111 Loading class java/io/IOException done
Event: 0.112 Loading class java/lang/PublicMethods$MethodList
Event: 0.112 Loading class java/lang/PublicMethods$MethodList done
Event: 0.112 Loading class java/lang/PublicMethods$Key
Event: 0.112 Loading class java/lang/PublicMethods$Key done
Event: 0.112 Loading class java/lang/Void
Event: 0.112 Loading class java/lang/Void done
Event: 0.112 Loading class java/nio/file/Paths
Event: 0.112 Loading class java/nio/file/Paths done
Event: 0.112 Loading class java/nio/file/FileSystems
Event: 0.112 Loading class java/nio/file/FileSystems done
Event: 0.112 Loading class java/nio/file/FileSystems$DefaultFileSystemHolder
Event: 0.112 Loading class java/nio/file/FileSystems$DefaultFileSystemHolder done
Event: 0.112 Loading class java/nio/file/FileSystems$DefaultFileSystemHolder$1
Event: 0.112 Loading class java/nio/file/FileSystems$DefaultFileSystemHolder$1 done
Event: 0.113 Loading class java/net/URI$Parser
Event: 0.113 Loading class java/net/URI$Parser done
Event: 0.113 Loading class java/nio/file/attribute/FileAttribute
Event: 0.113 Loading class java/nio/file/attribute/FileAttribute done
Event: 0.113 Loading class sun/nio/fs/WindowsSecurityDescriptor

Classes unloaded (0 events):
No events

Classes redefined (0 events):
No events

Internal exceptions (0 events):
No events

VM Operations (2 events):
Event: 0.106 Executing VM operation: HandshakeAllThreads
Event: 0.106 Executing VM operation: HandshakeAllThreads done

Events (11 events):
Event: 0.029 Thread 0x000001423fecdde0 Thread added: 0x000001423fecdde0
Event: 0.051 Thread 0x0000014260c488e0 Thread added: 0x0000014260c488e0
Event: 0.051 Thread 0x0000014260c49c80 Thread added: 0x0000014260c49c80
Event: 0.052 Thread 0x0000014260c6a180 Thread added: 0x0000014260c6a180
Event: 0.052 Thread 0x0000014260c4baf0 Thread added: 0x0000014260c4baf0
Event: 0.052 Thread 0x0000014260c4c7e0 Thread added: 0x0000014260c4c7e0
Event: 0.052 Thread 0x0000014260c4fa00 Thread added: 0x0000014260c4fa00
Event: 0.052 Thread 0x0000014260c77540 Thread added: 0x0000014260c77540
Event: 0.053 Thread 0x0000014260c74e90 Thread added: 0x0000014260c74e90
Event: 0.078 Thread 0x0000014260de59f0 Thread added: 0x0000014260de59f0
Event: 0.087 Thread 0x0000014260dff830 Thread added: 0x0000014260dff830


Dynamic libraries:
0x00007ff77a3b0000 - 0x00007ff77a3c0000 	C:\Program Files\Java\jdk-20\bin\java.exe
0x00007ffe51390000 - 0x00007ffe515a4000 	C:\WINDOWS\SYSTEM32\ntdll.dll
0x00007ffe4f9f0000 - 0x00007ffe4fab4000 	C:\WINDOWS\System32\KERNEL32.DLL
0x00007ffe4e8b0000 - 0x00007ffe4ec54000 	C:\WINDOWS\System32\KERNELBASE.dll
0x00007ffe4e790000 - 0x00007ffe4e8a1000 	C:\WINDOWS\System32\ucrtbase.dll
0x00007ffe49cd0000 - 0x00007ffe49ce9000 	C:\Program Files\Java\jdk-20\bin\jli.dll
0x00007ffe39900000 - 0x00007ffe3991b000 	C:\Program Files\Java\jdk-20\bin\VCRUNTIME140.dll
0x00007ffe50550000 - 0x00007ffe50600000 	C:\WINDOWS\System32\ADVAPI32.dll
0x00007ffe4f480000 - 0x00007ffe4f527000 	C:\WINDOWS\System32\msvcrt.dll
0x00007ffe4f540000 - 0x00007ffe4f5e6000 	C:\WINDOWS\System32\sechost.dll
0x00007ffe4f770000 - 0x00007ffe4f887000 	C:\WINDOWS\System32\RPCRT4.dll
0x00007ffe502f0000 - 0x00007ffe5049e000 	C:\WINDOWS\System32\USER32.dll
0x00007ffe34ef0000 - 0x00007ffe35183000 	C:\WINDOWS\WinSxS\amd64_microsoft.windows.common-controls_6595b64144ccf1df_6.0.22621.2215_none_270d72677387dfc3\COMCTL32.dll
0x00007ffe4eeb0000 - 0x00007ffe4eed6000 	C:\WINDOWS\System32\win32u.dll
0x00007ffe50990000 - 0x00007ffe509b9000 	C:\WINDOWS\System32\GDI32.dll
0x00007ffe4ec60000 - 0x00007ffe4ed78000 	C:\WINDOWS\System32\gdi32full.dll
0x00007ffe4f050000 - 0x00007ffe4f0ea000 	C:\WINDOWS\System32\msvcp_win.dll
0x00007ffe44bf0000 - 0x00007ffe44bfa000 	C:\WINDOWS\SYSTEM32\VERSION.dll
0x00007ffe50510000 - 0x00007ffe50541000 	C:\WINDOWS\System32\IMM32.DLL
0x00007ffe4b3d0000 - 0x00007ffe4b3dc000 	C:\Program Files\Java\jdk-20\bin\vcruntime140_1.dll
0x00007ffe23760000 - 0x00007ffe237ee000 	C:\Program Files\Java\jdk-20\bin\msvcp140.dll
0x00007ffdbcba0000 - 0x00007ffdbd838000 	C:\Program Files\Java\jdk-20\bin\server\jvm.dll
0x00007ffe49ac0000 - 0x00007ffe49ac9000 	C:\WINDOWS\SYSTEM32\WSOCK32.dll
0x00007ffe46070000 - 0x00007ffe460a4000 	C:\WINDOWS\SYSTEM32\WINMM.dll
0x00007ffe4f6f0000 - 0x00007ffe4f761000 	C:\WINDOWS\System32\WS2_32.dll
0x00007ffe4d6d0000 - 0x00007ffe4d6e8000 	C:\WINDOWS\SYSTEM32\kernel.appcore.dll
0x00007ffe49b90000 - 0x00007ffe49b9a000 	C:\Program Files\Java\jdk-20\bin\jimage.dll
0x00007ffe3b190000 - 0x00007ffe3b3be000 	C:\WINDOWS\SYSTEM32\DBGHELP.DLL
0x00007ffe50600000 - 0x00007ffe5098a000 	C:\WINDOWS\System32\combase.dll
0x00007ffe50ec0000 - 0x00007ffe50f97000 	C:\WINDOWS\System32\OLEAUT32.dll
0x00007ffe2b880000 - 0x00007ffe2b8b2000 	C:\WINDOWS\SYSTEM32\dbgcore.DLL
0x00007ffe4e710000 - 0x00007ffe4e78a000 	C:\WINDOWS\System32\bcryptPrimitives.dll
0x00007ffe34cf0000 - 0x00007ffe34d16000 	C:\Program Files\Java\jdk-20\bin\java.dll
0x00007ffe23140000 - 0x00007ffe23217000 	C:\Program Files\Java\jdk-20\bin\jsvml.dll
0x00007ffe4fac0000 - 0x00007ffe502e3000 	C:\WINDOWS\System32\SHELL32.dll
0x00007ffe4c650000 - 0x00007ffe4cf3a000 	C:\WINDOWS\SYSTEM32\windows.storage.dll
0x00007ffe4c510000 - 0x00007ffe4c64e000 	C:\WINDOWS\SYSTEM32\wintypes.dll
0x00007ffe4f890000 - 0x00007ffe4f983000 	C:\WINDOWS\System32\SHCORE.dll
0x00007ffe4f990000 - 0x00007ffe4f9ee000 	C:\WINDOWS\System32\shlwapi.dll
0x00007ffe4e640000 - 0x00007ffe4e666000 	C:\WINDOWS\SYSTEM32\profapi.dll
0x00007ffe39760000 - 0x00007ffe39773000 	C:\Program Files\Java\jdk-20\bin\net.dll
0x00007ffe45690000 - 0x00007ffe457c7000 	C:\WINDOWS\SYSTEM32\WINHTTP.dll
0x00007ffe4db90000 - 0x00007ffe4dbf9000 	C:\WINDOWS\system32\mswsock.dll
0x00007ffe35c70000 - 0x00007ffe35c86000 	C:\Program Files\Java\jdk-20\bin\nio.dll
0x00007ffe34c70000 - 0x00007ffe34c88000 	C:\Program Files\Java\jdk-20\bin\zip.dll

dbghelp: loaded successfully - version: 4.0.5 - missing functions: none
symbol engine: initialized successfully - sym options: 0x614 - pdb path: .;C:\Program Files\Java\jdk-20\bin;C:\WINDOWS\SYSTEM32;C:\WINDOWS\WinSxS\amd64_microsoft.windows.common-controls_6595b64144ccf1df_6.0.22621.2215_none_270d72677387dfc3;C:\Program Files\Java\jdk-20\bin\server

VM Arguments:
jvm_args: -Dclassworlds.conf=C:\Program Files\NetBeans-19\netbeans\java\maven\bin\m2.conf -Dmaven.home=C:\Program Files\NetBeans-19\netbeans\java\maven -Dlibrary.jansi.path=C:\Program Files\NetBeans-19\netbeans\java\maven\lib\jansi-native -Dmaven.multiModuleProjectDirectory=C:\Users\Edgar\Documents\DAM\UNIVERSAE\Programación\U5.- Estructuras de control\Ejercicios 
java_command: org.codehaus.plexus.classworlds.launcher.Launcher -Dexec.vmArgs= -Dexec.args=${exec.vmArgs} -classpath %classpath ${exec.mainClass} ${exec.appArgs} -Dexec.executable=C:\Program Files\Java\jdk-20\bin\java.exe -Dexec.mainClass=Ejercicio9 -Dexec.classpathScope=runtime -Dexec.appArgs= -Dmaven.ext.class.path=C:\Program Files\NetBeans-19\netbeans\java\maven-nblib\netbeans-eventspy.jar --no-transfer-progress process-classes org.codehaus.mojo:exec-maven-plugin:3.1.0:exec
java_class_path (initial): C:\Program Files\NetBeans-19\netbeans\java\maven\boot\plexus-classworlds-2.7.0.jar
Launcher Type: SUN_STANDARD

[Global flags]
     intx CICompilerCount                          = 4                                         {product} {ergonomic}
     uint ConcGCThreads                            = 3                                         {product} {ergonomic}
     uint G1ConcRefinementThreads                  = 10                                        {product} {ergonomic}
   size_t G1HeapRegionSize                         = 1048576                                   {product} {ergonomic}
    uintx GCDrainStackTargetSize                   = 64                                        {product} {ergonomic}
   size_t InitialHeapSize                          = 123731968                                 {product} {ergonomic}
   size_t MarkStackSize                            = 4194304                                   {product} {ergonomic}
   size_t MaxHeapSize                              = 1973420032                                {product} {ergonomic}
   size_t MaxNewSize                               = 1183842304                                {product} {ergonomic}
   size_t MinHeapDeltaBytes                        = 1048576                                   {product} {ergonomic}
   size_t MinHeapSize                              = 8388608                                   {product} {ergonomic}
    uintx NonNMethodCodeHeapSize                   = 5839372                                {pd product} {ergonomic}
    uintx NonProfiledCodeHeapSize                  = 122909434                              {pd product} {ergonomic}
    uintx ProfiledCodeHeapSize                     = 122909434                              {pd product} {ergonomic}
    uintx ReservedCodeCacheSize                    = 251658240                              {pd product} {ergonomic}
     bool SegmentedCodeCache                       = true                                      {product} {ergonomic}
   size_t SoftMaxHeapSize                          = 1973420032                             {manageable} {ergonomic}
     bool UseCompressedClassPointers               = true                           {product lp64_product} {ergonomic}
     bool UseCompressedOops                        = true                           {product lp64_product} {ergonomic}
     bool UseG1GC                                  = true                                      {product} {ergonomic}
     bool UseLargePagesIndividualAllocation        = false                                  {pd product} {ergonomic}

Logging:
Log output configuration:
 #0: stdout all=warning uptime,level,tags foldmultilines=false
 #1: stderr all=off uptime,level,tags foldmultilines=false

Environment Variables:
JAVA_HOME=C:\Program Files\Java\jdk-20
PATH=C:\Program Files\Common Files\Oracle\Java\javapath;C:\Program Files\Eclipse Adoptium\jdk-17.0.8.7-hotspot\bin;C:\Windows\system32;C:\Windows;C:\Windows\System32\Wbem;C:\Windows\System32\WindowsPowerShell\v1.0\;C:\Windows\System32\OpenSSH\;C:\Program Files\dotnet\;C:\Program Files\AutoFirma\AutoFirma;C:\Program Files (x86)\NVIDIA Corporation\PhysX\Common;C:\Program Files (x86)\dotnet\;C:\Program Files\NVIDIA Corporation\NVIDIA NvDLISR;C:\ProgramData\chocolatey\bin;C:\WINDOWS\system32;C:\WINDOWS;C:\WINDOWS\System32\Wbem;C:\WINDOWS\System32\WindowsPowerShell\v1.0\;C:\WINDOWS\System32\OpenSSH\;C:\Program Files\Git\cmd;C:\Python\Python 3.11.4\Scripts\;C:\Python\Python 3.11.4\;C:\Program Files\MySQL\MySQL Shell 8.0\bin\;C:\Python\Python311\Scripts\;C:\Python\Python311\;C:\Users\Edgar\AppData\Local\Microsoft\WindowsApps;C:\Users\Edgar\spicetify-cli;C:\Microsoft VS Code\bin;C:\Windows\System32\sqlite\sqlite-tools-win32-x86-3420000;C:\Program Files\Git\bin;C:\Users\Edgar\Documents\flutter\bin;C:\Program Files\Git\cmd;C:\Users\Edgar\AppData\Local\Microsoft\WindowsApps
USERNAME=Edgar
OS=Windows_NT
PROCESSOR_IDENTIFIER=AMD64 Family 25 Model 80 Stepping 0, AuthenticAMD
TMP=C:\Users\Edgar\AppData\Local\Temp
TEMP=C:\Users\Edgar\AppData\Local\Temp




---------------  S Y S T E M  ---------------

OS:
 Windows 11 , 64 bit Build 22621 (10.0.22621.2215)
OS uptime: 0 days 18:06 hours
Hyper-V role detected

CPU: total 12 (initial active 12) (12 cores per cpu, 2 threads per core) family 25 model 80 stepping 0 microcode 0x0, cx8, cmov, fxsr, ht, mmx, 3dnowpref, sse, sse2, sse3, ssse3, sse4a, sse4.1, sse4.2, popcnt, lzcnt, tsc, tscinvbit, avx, avx2, aes, erms, clmul, bmi1, bmi2, adx, sha, fma, vzeroupper, clflush, clflushopt, hv, rdtscp, rdpid, fsrm, f16c, cet_ss

Memory: 4k page, system-wide physical 7521M (750M free)
TotalPageFile size 12521M (AvailPageFile size 3M)
current process WorkingSet (physical memory assigned to process): 29M, peak: 29M
current process commit charge ("private bytes"): 195M, peak: 198M

vm_info: Java HotSpot(TM) 64-Bit Server VM (20.0.2+9-78) for windows-amd64 JRE (20.0.2+9-78), built on 2023-06-14T10:08:48Z by "mach5one" with MS VC++ 17.1 (VS2022)

END.
